# JRE version: Java(TM) SE Runtime Environment (7.0_67-b01) (build 1.7.0_67-b01)
# Java VM: Java HotSpot(TM) 64-Bit Server VM (24.65-b04 mixed mode windows-amd64 compressed oops)
Heap
 PSYoungGen      total 309248K, used 308923K [0x00000000eaa80000, 0x0000000100000000, 0x0000000100000000)
  eden space 269824K, 100% used [0x00000000eaa80000,0x00000000fb200000,0x00000000fb200000)
  from space 39424K, 99% used [0x00000000fb200000,0x00000000fd82ee98,0x00000000fd880000)
  to   space 40448K, 99% used [0x00000000fd880000,0x00000000ffff80b8,0x0000000100000000)
 ParOldGen       total 147968K, used 114800K [0x00000000c0000000, 0x00000000c9080000, 0x00000000eaa80000)
  object space 147968K, 77% used [0x00000000c0000000,0x00000000c701c150,0x00000000c9080000)
 PSPermGen       total 121856K, used 116657K [0x00000000b0000000, 0x00000000b7700000, 0x00000000c0000000)
  object space 121856K, 95% used [0x00000000b0000000,0x00000000b71ec7e0,0x00000000b7700000)
GC Heap History (10 events):
Event: 620.082 GC heap after
Heap after GC invocations=16 (full 4):
 PSYoungGen      total 313856K, used 6419K [0x00000000eaa80000, 0x0000000100000000, 0x0000000100000000)
  eden space 276992K, 2% used [0x00000000eaa80000,0x00000000eb0c4fd0,0x00000000fb900000)
  from space 36864K, 0% used [0x00000000fdc00000,0x00000000fdc00000,0x0000000100000000)
  to   space 35840K, 0% used [0x00000000fb900000,0x00000000fb900000,0x00000000fdc00000)
 ParOldGen       total 147968K, used 80837K [0x00000000c0000000, 0x00000000c9080000, 0x00000000eaa80000)
  object space 147968K, 54% used [0x00000000c0000000,0x00000000c4ef1648,0x00000000c9080000)
 PSPermGen       total 114176K, used 75136K [0x00000000b0000000, 0x00000000b6f80000, 0x00000000c0000000)
  object space 114176K, 65% used [0x00000000b0000000,0x00000000b4960380,0x00000000b6f80000)
}
Event: 623.355 GC heap before
{Heap before GC invocations=17 (full 4):
 PSYoungGen      total 313856K, used 210006K [0x00000000eaa80000, 0x0000000100000000, 0x0000000100000000)
  eden space 276992K, 75% used [0x00000000eaa80000,0x00000000f7795a80,0x00000000fb900000)
  from space 36864K, 0% used [0x00000000fdc00000,0x00000000fdc00000,0x0000000100000000)
  to   space 35840K, 0% used [0x00000000fb900000,0x00000000fb900000,0x00000000fdc00000)
 ParOldGen       total 147968K, used 80837K [0x00000000c0000000, 0x00000000c9080000, 0x00000000eaa80000)
  object space 147968K, 54% used [0x00000000c0000000,0x00000000c4ef1648,0x00000000c9080000)
 PSPermGen       total 114176K, used 83831K [0x00000000b0000000, 0x00000000b6f80000, 0x00000000c0000000)
  object space 114176K, 73% used [0x00000000b0000000,0x00000000b51ddeb0,0x00000000b6f80000)
Event: 623.423 GC heap after
Heap after GC invocations=17 (full 4):
 PSYoungGen      total 306176K, used 28763K [0x00000000eaa80000, 0x0000000100000000, 0x0000000100000000)
  eden space 276992K, 0% used [0x00000000eaa80000,0x00000000eaa80000,0x00000000fb900000)
  from space 29184K, 98% used [0x00000000fb900000,0x00000000fd516c50,0x00000000fd580000)
  to   space 38912K, 0% used [0x00000000fda00000,0x00000000fda00000,0x0000000100000000)
 ParOldGen       total 147968K, used 80837K [0x00000000c0000000, 0x00000000c9080000, 0x00000000eaa80000)
  object space 147968K, 54% used [0x00000000c0000000,0x00000000c4ef1648,0x00000000c9080000)
 PSPermGen       total 114176K, used 83831K [0x00000000b0000000, 0x00000000b6f80000, 0x00000000c0000000)
  object space 114176K, 73% used [0x00000000b0000000,0x00000000b51ddeb0,0x00000000b6f80000)
}
Event: 623.423 GC heap before
{Heap before GC invocations=18 (full 5):
 PSYoungGen      total 306176K, used 28763K [0x00000000eaa80000, 0x0000000100000000, 0x0000000100000000)
  eden space 276992K, 0% used [0x00000000eaa80000,0x00000000eaa80000,0x00000000fb900000)
  from space 29184K, 98% used [0x00000000fb900000,0x00000000fd516c50,0x00000000fd580000)
  to   space 38912K, 0% used [0x00000000fda00000,0x00000000fda00000,0x0000000100000000)
 ParOldGen       total 147968K, used 80837K [0x00000000c0000000, 0x00000000c9080000, 0x00000000eaa80000)
  object space 147968K, 54% used [0x00000000c0000000,0x00000000c4ef1648,0x00000000c9080000)
 PSPermGen       total 114176K, used 83831K [0x00000000b0000000, 0x00000000b6f80000, 0x00000000c0000000)
  object space 114176K, 73% used [0x00000000b0000000,0x00000000b51ddeb0,0x00000000b6f80000)
Event: 624.079 GC heap after
Heap after GC invocations=18 (full 5):
 PSYoungGen      total 306176K, used 0K [0x00000000eaa80000, 0x0000000100000000, 0x0000000100000000)
  eden space 276992K, 0% used [0x00000000eaa80000,0x00000000eaa80000,0x00000000fb900000)
  from space 29184K, 0% used [0x00000000fb900000,0x00000000fb900000,0x00000000fd580000)
  to   space 38912K, 0% used [0x00000000fda00000,0x00000000fda00000,0x0000000100000000)
 ParOldGen       total 147968K, used 102504K [0x00000000c0000000, 0x00000000c9080000, 0x00000000eaa80000)
  object space 147968K, 69% used [0x00000000c0000000,0x00000000c641a060,0x00000000c9080000)
 PSPermGen       total 121856K, used 83791K [0x00000000b0000000, 0x00000000b7700000, 0x00000000c0000000)
  object space 121856K, 68% used [0x00000000b0000000,0x00000000b51d3c48,0x00000000b7700000)
}
Event: 678.419 GC heap before
{Heap before GC invocations=19 (full 5):
 PSYoungGen      total 306176K, used 276992K [0x00000000eaa80000, 0x0000000100000000, 0x0000000100000000)
  eden space 276992K, 100% used [0x00000000eaa80000,0x00000000fb900000,0x00000000fb900000)
  from space 29184K, 0% used [0x00000000fb900000,0x00000000fb900000,0x00000000fd580000)
  to   space 38912K, 0% used [0x00000000fda00000,0x00000000fda00000,0x0000000100000000)
 ParOldGen       total 147968K, used 102504K [0x00000000c0000000, 0x00000000c9080000, 0x00000000eaa80000)
  object space 147968K, 69% used [0x00000000c0000000,0x00000000c641a060,0x00000000c9080000)
 PSPermGen       total 121856K, used 93482K [0x00000000b0000000, 0x00000000b7700000, 0x00000000c0000000)
  object space 121856K, 76% used [0x00000000b0000000,0x00000000b5b4a838,0x00000000b7700000)
Event: 678.461 GC heap after
Heap after GC invocations=19 (full 5):
 PSYoungGen      total 308736K, used 24430K [0x00000000eaa80000, 0x0000000100000000, 0x0000000100000000)
  eden space 269824K, 0% used [0x00000000eaa80000,0x00000000eaa80000,0x00000000fb200000)
  from space 38912K, 62% used [0x00000000fda00000,0x00000000ff1dbb00,0x0000000100000000)
  to   space 39936K, 0% used [0x00000000fb200000,0x00000000fb200000,0x00000000fd900000)
 ParOldGen       total 147968K, used 102504K [0x00000000c0000000, 0x00000000c9080000, 0x00000000eaa80000)
  object space 147968K, 69% used [0x00000000c0000000,0x00000000c641a060,0x00000000c9080000)
 PSPermGen       total 121856K, used 93482K [0x00000000b0000000, 0x00000000b7700000, 0x00000000c0000000)
  object space 121856K, 76% used [0x00000000b0000000,0x00000000b5b4a838,0x00000000b7700000)
}
Event: 722.740 GC heap before
{Heap before GC invocations=20 (full 5):
 PSYoungGen      total 308736K, used 294254K [0x00000000eaa80000, 0x0000000100000000, 0x0000000100000000)
  eden space 269824K, 100% used [0x00000000eaa80000,0x00000000fb200000,0x00000000fb200000)
  from space 38912K, 62% used [0x00000000fda00000,0x00000000ff1dbb00,0x0000000100000000)
  to   space 39936K, 0% used [0x00000000fb200000,0x00000000fb200000,0x00000000fd900000)
 ParOldGen       total 147968K, used 102504K [0x00000000c0000000, 0x00000000c9080000, 0x00000000eaa80000)
  object space 147968K, 69% used [0x00000000c0000000,0x00000000c641a060,0x00000000c9080000)
 PSPermGen       total 121856K, used 101779K [0x00000000b0000000, 0x00000000b7700000, 0x00000000c0000000)
  object space 121856K, 83% used [0x00000000b0000000,0x00000000b6364c30,0x00000000b7700000)
Event: 722.782 GC heap after
Heap after GC invocations=20 (full 5):
 PSYoungGen      total 309248K, used 39099K [0x00000000eaa80000, 0x0000000100000000, 0x0000000100000000)
  eden space 269824K, 0% used [0x00000000eaa80000,0x00000000eaa80000,0x00000000fb200000)
  from space 39424K, 99% used [0x00000000fb200000,0x00000000fd82ee98,0x00000000fd880000)
  to   space 40448K, 0% used [0x00000000fd880000,0x00000000fd880000,0x0000000100000000)
 ParOldGen       total 147968K, used 102504K [0x00000000c0000000, 0x00000000c9080000, 0x00000000eaa80000)
  object space 147968K, 69% used [0x00000000c0000000,0x00000000c641a060,0x00000000c9080000)
 PSPermGen       total 121856K, used 101779K [0x00000000b0000000, 0x00000000b7700000, 0x00000000c0000000)
  object space 121856K, 83% used [0x00000000b0000000,0x00000000b6364c30,0x00000000b7700000)
}
Event: 28781.497 GC heap before
{Heap before GC invocations=21 (full 5):
 PSYoungGen      total 309248K, used 308923K [0x00000000eaa80000, 0x0000000100000000, 0x0000000100000000)
  eden space 269824K, 100% used [0x00000000eaa80000,0x00000000fb200000,0x00000000fb200000)
  from space 39424K, 99% used [0x00000000fb200000,0x00000000fd82ee98,0x00000000fd880000)
  to   space 40448K, 0% used [0x00000000fd880000,0x00000000fd880000,0x0000000100000000)
 ParOldGen       total 147968K, used 102504K [0x00000000c0000000, 0x00000000c9080000, 0x00000000eaa80000)
  object space 147968K, 69% used [0x00000000c0000000,0x00000000c641a060,0x00000000c9080000)
 PSPermGen       total 121856K, used 116657K [0x00000000b0000000, 0x00000000b7700000, 0x00000000c0000000)
  object space 121856K, 95% used [0x00000000b0000000,0x00000000b71ec7e0,0x00000000b7700000)

